INFO  Validating config
INFO  
  ===================================================================
      #####  #    # ##### ##### ###### #####  ###### #      #   #
      #    # #    #   #     #   #      #    # #      #       # #
      #####  #    #   #     #   #####  #    # #####  #        #
      #    # #    #   #     #   #      #####  #      #        #
      #    # #    #   #     #   #      #   #  #      #        #
      #####   ####    #     #   ###### #    # #      ######   #
                            4.7.0
  ===================================================================
INFO  Start processing
INFO  hexo-blog-encrypt: encrypting "CSS3提高：2D转换、动画、3D转换、浏览器私有前缀" based on the password configured in Front-matter with theme: default.
INFO  hexo-blog-encrypt: encrypting "CSS三大特性" based on the password configured in Front-matter with theme: default.
INFO  hexo-blog-encrypt: encrypting "CSS定位" based on the password configured in Front-matter with theme: default.
INFO  hexo-blog-encrypt: encrypting "CSS复合选择器、元素显示模式、背景" based on the password configured in Front-matter with theme: default.
INFO  hexo-blog-encrypt: encrypting "CSS浮动" based on the password configured in Front-matter with theme: default.
INFO  hexo-blog-encrypt: encrypting "CSS盒子模型" based on the password configured in Front-matter with theme: default.
INFO  hexo-blog-encrypt: encrypting "CSS简介、基础选择器、字体属性、文本属性、引入方式" based on the password configured in Front-matter with theme: default.
INFO  hexo-blog-encrypt: encrypting "CSS精灵图、字体图标、三角、鼠标样式、用户界面样式、溢出省略号" based on the password configured in Front-matter with theme: default.
INFO  hexo-blog-encrypt: encrypting "HTML与CSS基础" based on the password configured in Front-matter with theme: default.
INFO  hexo-blog-encrypt: encrypting "移动Web开发之flex布局" based on the password configured in Front-matter with theme: default.
INFO  hexo-blog-encrypt: encrypting "移动Web开发之grid布局" based on the password configured in Front-matter with theme: default.
INFO  hexo-blog-encrypt: encrypting "移动端Web之综合案例" based on the password configured in Front-matter with theme: default.
INFO  hexo-blog-encrypt: encrypting "移动Web开发之rem适配布局" based on the password configured in Front-matter with theme: default.
INFO  hexo-blog-encrypt: encrypting "移动端Web开发之响应式布局" based on the password configured in Front-matter with theme: default.
INFO  hexo-blog-encrypt: encrypting "移动端Web开发之vw和vh布局" based on the password configured in Front-matter with theme: default.
INFO  Files loaded in 4.32 s
INFO  Generated: js/dongtaibiaoti.js
INFO  Generated: css/custom.css
INFO  Generated: anzhiyu/random.js
INFO  Generated: js/ali_font.js
INFO  Generated: categories/index.html
INFO  Generated: about/index.html
INFO  Generated: gallery/index.html
INFO  Generated: tags/index.html
INFO  Generated: link/index.html
INFO  Generated: post/1472124776.html
INFO  Generated: comments/index.html
INFO  Generated: archives/index.html
INFO  Generated: archives/2023/index.html
INFO  Generated: categories/linux/index.html
INFO  Generated: archives/2023/04/index.html
INFO  Generated: categories/Hello-World/index.html
INFO  Generated: categories/博客/index.html
INFO  Generated: categories/前端/CSS/CSS基础/index.html
INFO  Generated: categories/前端/JS/index.html
INFO  Generated: categories/前端/index.html
INFO  Generated: categories/前端/CSS/index.html
INFO  Generated: categories/前端/HTML基础/index.html
INFO  Generated: categories/前端/CSS/移动端web开发/index.html
INFO  Generated: categories/前端/JS/jquery/index.html
INFO  Generated: categories/前端/JS/Api/index.html
INFO  Generated: categories/前端/JS/JS基础/index.html
INFO  Generated: categories/前端/CSS/CSS3提高：2D转换、动画、3D转换、浏览器私有前缀/index.html
INFO  Generated: categories/前端/vue核心/index.html
INFO  Generated: categories/前端/pink/index.html
INFO  Generated: categories/前端/CSS/案例/index.html
INFO  Generated: categories/前端/CSS/HTML-CSS提高篇/index.html
INFO  Generated: categories/前端/pink/JS基础/index.html
INFO  Generated: categories/前端/pink/JS进阶/index.html
INFO  Generated: categories/前端/pink/WebApi/index.html
INFO  Generated: tags/wsl/index.html
INFO  Generated: tags/blog/index.html
INFO  Generated: tags/CSS命名规范/index.html
INFO  Generated: tags/JS基础/index.html
INFO  Generated: tags/CSS/index.html
INFO  Generated: tags/Emment/index.html
INFO  Generated: tags/HTML/index.html
INFO  Generated: tags/HTML-CSS提高篇/index.html
INFO  Generated: tags/案例/index.html
INFO  Generated: tags/移动Web开发/index.html
INFO  Generated: tags/移动端web开发/index.html
INFO  Generated: tags/移动端Web开发案例/index.html
INFO  Generated: tags/移动Web/index.html
INFO  Generated: tags/jquery事件/index.html
INFO  Generated: tags/笔记链接/index.html
INFO  Generated: tags/jquery常用Api/index.html
INFO  Generated: tags/jquery其他方法/index.html
INFO  Generated: tags/JSApi/index.html
INFO  Generated: tags/vue/index.html
INFO  Generated: tags/pink/index.html
INFO  Generated: img/404.jpg
INFO  Generated: 404.html
INFO  Generated: post/2.html
INFO  Generated: post/1742155088.html
INFO  Generated: post/2772193458.html
INFO  Generated: post/3506047115.html
INFO  Generated: post/3052684114.html
INFO  Generated: post/139056297.html
INFO  Generated: post/3211054540.html
INFO  Generated: post/1163360251.html
INFO  Generated: post/2655645558.html
INFO  Generated: post/1967233827.html
INFO  Generated: post/694482451.html
INFO  Generated: post/3545713700.html
INFO  Generated: post/3743440473.html
INFO  Generated: post/3812729084.html
INFO  Generated: post/1745700668.html
INFO  Generated: post/352651446.html
INFO  Generated: post/2965281566.html
INFO  Generated: post/622060654.html
INFO  Generated: post/1633824014.html
INFO  Generated: post/4167399768.html
INFO  Generated: post/963023030.html
INFO  Generated: post/1583066821.html
INFO  Generated: post/4266150882.html
INFO  Generated: post/1075686486.html
INFO  Generated: post/1.html
INFO  Generated: post/1408774345.html
INFO  Generated: post/3618576128.html
INFO  Generated: post/2634649135.html
INFO  Generated: post/1076364274.html
INFO  Generated: post/1610835744.html
INFO  Generated: post/4285059441.html
INFO  Generated: post/1015866879.html
INFO  Generated: post/105771946.html
INFO  Generated: post/1761027481.html
INFO  Generated: post/3410261246.html
INFO  Generated: post/19373731.html
INFO  Generated: post/2190284905.html
INFO  Generated: post/3750417846.html
INFO  Generated: post/3897361712.html
INFO  Generated: post/4068325112.html
INFO  Generated: post/2378364614.html
INFO  Generated: post/2779079921.html
INFO  Generated: post/3374613233.html
INFO  Generated: post/3262864011.html
INFO  Generated: post/1555306516.html
INFO  Generated: post/4155746413.html
INFO  Generated: post/3071166841.html
INFO  Generated: post/3126067608.html
INFO  Generated: post/4197633897.html
INFO  Generated: post/3178994972.html
INFO  Generated: post/3071996059.html
INFO  Generated: post/1243066710.html
INFO  Generated: tags/移动端Web开发/index.html
INFO  Generated: index.html
INFO  Generated: img/htmlcss/mark-img7/20210420132753998.png
INFO  Generated: img/htmlcss/mark-img8/20210422102946635.png
INFO  Generated: img/friend_404.gif
INFO  Generated: img/htmlcss/mark-img9/20210422145736892.png
INFO  Generated: img/favicon.png
INFO  Generated: img/lazyload/1.gif
INFO  Generated: img/Apilearn/imag/5.12.png
INFO  Generated: img/Apilearn/image/13.png
INFO  Generated: img/Apilearn/img6/12.png
INFO  Generated: img/Jquery/img/1.png
INFO  Generated: img/htmlcss/mark-img10/20210423234457613.png
INFO  Generated: img/htmlcss/mark-img/20210405004003545.jpg
INFO  Generated: img/htmlcss/mark-img12/20210717222122438.png
INFO  Generated: img/htmlcss/mark-img11/2021042500110849.png
INFO  Generated: img/htmlcss/mark-img13/4b29644d4f634122a8619a17ba22b9fd.png
INFO  Generated: img/htmlcss/mark-img18/image-20220227184302178.png
INFO  Generated: img/htmlcss/mark-img16/61fa58a38bb14d67af4f58d341b9cc48.png
INFO  Generated: img/htmlcss/mark-img4/20210410121200199.jpg
INFO  Generated: img/htmlcss/mark-img2/20210406122442654.png
INFO  Generated: img/htmlcss/mark-img5/20210410161951341-16423217861787.png
INFO  Generated: img/htmlcss/mark-img6/20210410231958333-164233328088033.jpg
INFO  Generated: lib/hbe.js
INFO  Generated: categories/前端/page/2/index.html
INFO  Generated: archives/2023/page/2/index.html
INFO  Generated: archives/2023/04/page/2/index.html
INFO  Generated: categories/前端/pink/page/2/index.html
INFO  Generated: archives/page/2/index.html
INFO  Generated: categories/前端/CSS/page/2/index.html
INFO  Generated: tags/pink/page/2/index.html
INFO  Generated: img/htmlcss/mark-img7/20210424224831926.png
INFO  Generated: page/3/index.html
INFO  Generated: img/htmlcss/mark-img8/20210422131248993.gif
INFO  Generated: img/htmlcss/mark-img8/20210422132922414.png
INFO  Generated: img/htmlcss/mark-img7/20210420132822674.png
INFO  Generated: img/htmlcss/mark-img7/20210420125635475.png
INFO  Generated: img/htmlcss/mark-img8/97cc497b6af9494783102cc02028ff3b.png
INFO  Generated: img/htmlcss/mark-img9/20210422153038412.png
INFO  Generated: img/htmlcss/mark-img9/20210422153108799.png
INFO  Generated: img/htmlcss/mark-img9/20210422153215652.png
INFO  Generated: img/htmlcss/mark-img8/image-20220116233824235.png
INFO  Generated: img/htmlcss/mark-img9/20210423153507576.png
INFO  Generated: img/htmlcss/mark-img9/20210423160022413.gif
INFO  Generated: img/htmlcss/mark-img9/20210423155710297-164235395082836.png
INFO  Generated: img/htmlcss/mark-img9/20210423160237686.gif
INFO  Generated: img/htmlcss/mark-img9/20210423162919534.png
INFO  Generated: img/Apilearn/imag/5.11.png
INFO  Generated: img/htmlcss/mark-img9/97f447da3ca0483f9358c26cf286aea5.gif
INFO  Generated: img/favicon1.png
INFO  Generated: img/Apilearn/imag/5.15.png
INFO  Generated: img/Apilearn/imag/5.17.png
INFO  Generated: img/Apilearn/imag/5.2.png
INFO  Generated: img/Apilearn/imag/5.3.png
INFO  Generated: img/Apilearn/imag/5.22.png
INFO  Generated: img/Apilearn/imag/5.20.png
INFO  Generated: img/Apilearn/imag/5.8.png
INFO  Generated: img/Apilearn/image/19.png
INFO  Generated: img/Apilearn/imag/5.4.png
INFO  Generated: img/Apilearn/imag/5.6.png
INFO  Generated: img/Apilearn/image/2.png
INFO  Generated: img/Apilearn/image/25.png
INFO  Generated: img/Apilearn/image/40.png
INFO  Generated: img/Apilearn/image/4.png
INFO  Generated: img/Apilearn/image/50.png
INFO  Generated: img/Apilearn/image/46.png
INFO  Generated: img/Apilearn/image/56.png
INFO  Generated: img/Apilearn/image/51.png
INFO  Generated: img/Apilearn/image/65.png
INFO  Generated: img/Apilearn/image/63.png
INFO  Generated: img/Apilearn/image/67.png
INFO  Generated: img/Apilearn/img6/5.png
INFO  Generated: img/Apilearn/img6/6.png
INFO  Generated: img/Apilearn/image/71.png
INFO  Generated: img/Apilearn/img6/7.png
INFO  Generated: img/Apilearn/image/74.png
INFO  Generated: img/Apilearn/image/77.png
INFO  Generated: img/Jquery/img/11.png
INFO  Generated: img/Jquery/img/13.png
INFO  Generated: img/Jquery/img/14.png
INFO  Generated: img/Jquery/img/12.png
INFO  Generated: img/Jquery/img/16.png
INFO  Generated: img/Jquery/img/15.png
INFO  Generated: img/Jquery/img/17.png
INFO  Generated: img/Jquery/img/20.png
INFO  Generated: img/Jquery/img/21.png
INFO  Generated: img/Jquery/img/22.png
INFO  Generated: img/Jquery/img/23.png
INFO  Generated: img/Jquery/img/24.png
INFO  Generated: img/Jquery/img/25.png
INFO  Generated: img/Jquery/img/29.png
INFO  Generated: img/Jquery/img/32.png
INFO  Generated: img/Jquery/img/31.png
INFO  Generated: img/Jquery/img/37.png
INFO  Generated: img/Jquery/img/41.png
INFO  Generated: img/Jquery/img/38.png
INFO  Generated: img/Jquery/img/42.png
INFO  Generated: img/Jquery/img/43.png
INFO  Generated: img/Jquery/img/44.png
INFO  Generated: img/Jquery/img/46.png
INFO  Generated: img/Jquery/img/45.png
INFO  Generated: img/htmlcss/mark-img/20210405004003542.jpg
INFO  Generated: img/Jquery/img/5.png
INFO  Generated: img/Jquery/img/47.png
INFO  Generated: img/Jquery/img/8.png
INFO  Generated: img/htmlcss/mark-img/699b0d89c1727c05e1a200e21867c8e5-16422502360695.png
INFO  Generated: img/htmlcss/mark-img/image-20220121161018164.png
INFO  Generated: img/htmlcss/mark-img10/20210423235016456.png
INFO  Generated: img/htmlcss/mark-img/20210405004003554.jpg
INFO  Generated: img/htmlcss/mark-img10/20210423234706535.png
INFO  Generated: img/htmlcss/mark-img11/20210425081548859.gif
INFO  Generated: img/htmlcss/mark-img10/20210424080337251.png
INFO  Generated: img/htmlcss/mark-img10/20210424111317313.gif
INFO  Generated: img/htmlcss/mark-img11/20210425082315183.gif
INFO  Generated: img/htmlcss/mark-img11/20210425090230504.gif
INFO  Generated: img/htmlcss/mark-img11/20210425124741907.gif
INFO  Generated: img/htmlcss/mark-img12/image-20220127131504318.png
INFO  Generated: img/htmlcss/mark-img13/d84394df9abd463f9b15096f838920ec.png
INFO  Generated: img/htmlcss/mark-img13/image-20220119004814017.png
INFO  Generated: img/htmlcss/mark-img12/image-20220127131341363.png
INFO  Generated: img/htmlcss/mark-img13/image-20220119004923437.png
INFO  Generated: img/htmlcss/mark-img12/image-20220127234728776.png
INFO  Generated: img/htmlcss/mark-img12/image-20220127131506809.png
INFO  Generated: img/htmlcss/mark-img13/image-20220128185054290.png
INFO  Generated: img/htmlcss/mark-img13/image-20220128182622106.png
INFO  Generated: img/htmlcss/mark-img2/20210406125405658.gif
INFO  Generated: img/htmlcss/mark-img13/image-20220128191422675.png
INFO  Generated: img/htmlcss/mark-img13/image-20220128185852176.png
INFO  Generated: img/htmlcss/mark-img2/20210406131403183.gif
INFO  Generated: img/htmlcss/mark-img4/20210410123510406.jpg
INFO  Generated: img/htmlcss/mark-img2/20210406135403715.gif
INFO  Generated: img/htmlcss/mark-img4/20210410125437174.jpg
INFO  Generated: img/htmlcss/mark-img5/20210410161951341.png
INFO  Generated: img/htmlcss/mark-img7/20210420081150387.png
INFO  Generated: img/htmlcss/mark-img2/20210406135403826.jpg
INFO  Generated: img/htmlcss/mark-img6/20210411010357453.jpg
INFO  Generated: css/hbe.style.css
INFO  Generated: img/htmlcss/mark-img7/2021042011203862.gif
INFO  Generated: post/2186894026.html
INFO  Generated: post/1143508581.html
INFO  Generated: post/622435872.html
INFO  Generated: css/var.css
INFO  Generated: archives/page/3/index.html
INFO  Generated: img/htmlcss/mark-img14/5a3ca61b12864cd78b087df54411b8ae.png
INFO  Generated: img/htmlcss/mark-img1/202104052132139.jpg
INFO  Generated: js/search/algolia.js
INFO  Generated: archives/page/5/index.html
INFO  Generated: archives/2023/page/3/index.html
INFO  Generated: archives/page/6/index.html
INFO  Generated: archives/2023/page/4/index.html
INFO  Generated: archives/page/4/index.html
INFO  Generated: archives/2023/page/5/index.html
INFO  Generated: archives/2023/page/6/index.html
INFO  Generated: archives/2023/04/page/3/index.html
INFO  Generated: archives/2023/04/page/4/index.html
INFO  Generated: archives/2023/04/page/6/index.html
INFO  Generated: archives/2023/04/page/5/index.html
INFO  Generated: categories/前端/page/3/index.html
INFO  Generated: img/Apilearn/imag/5.14.png
INFO  Generated: categories/前端/CSS/page/3/index.html
INFO  Generated: categories/前端/page/5/index.html
INFO  Generated: page/4/index.html
INFO  Generated: categories/前端/page/4/index.html
INFO  Generated: page/2/index.html
INFO  Generated: page/5/index.html
INFO  Generated: img/htmlcss/mark-img/06b66d16e62dca2951179ec536cc484a-164225152462516.png
INFO  Generated: page/6/index.html
INFO  Generated: img/Jquery/img/10.png
INFO  Generated: img/htmlcss/mark-img3/20210407171139155.jpg
INFO  Generated: img/htmlcss/mark-img0/20210405144715962.jpg
INFO  Generated: img/htmlcss/mark-img17/415a42d4c6244380b0bb6565c5467514.png
INFO  Generated: img/vue/7img/1.png
INFO  Generated: img/htmlcss/mark-img15/mark-img17/415a42d4c6244380b0bb6565c5467514.png
INFO  Generated: js/search/local-search.js
INFO  Generated: js/utils.js
INFO  Generated: js/main.js
INFO  Generated: js/tw_cn.js
INFO  Generated: css/index.css
INFO  Generated: img/htmlcss/mark-img7/b9b0bf21c37a40a6a37a09f759218c16.png
INFO  Generated: img/htmlcss/mark-img7/d8fea6eba89048dfb6cf0421f620d04e.png
INFO  Generated: img/htmlcss/mark-img8/20210422132739686.png
INFO  Generated: img/htmlcss/mark-img9/20210422144908912.png
INFO  Generated: img/htmlcss/mark-img9/20210423145746508.gif
INFO  Generated: img/htmlcss/mark-img9/20210423152631225.png
INFO  Generated: img/Apilearn/imag/5.13.png
INFO  Generated: img/htmlcss/mark-img9/20210423150342544.png
INFO  Generated: img/htmlcss/mark-img9/20210423153316679.gif
INFO  Generated: img/htmlcss/mark-img9/20210423160929744.png
INFO  Generated: img/Apilearn/imag/5.10.png
INFO  Generated: img/Apilearn/imag/5.16.png
INFO  Generated: img/Apilearn/imag/5.7.png
INFO  Generated: img/Apilearn/image/10.png
INFO  Generated: img/Apilearn/imag/5.23.png
INFO  Generated: img/Apilearn/imag/5.24.png
INFO  Generated: img/Apilearn/image/11.png
INFO  Generated: img/Apilearn/image/15.png
INFO  Generated: img/Apilearn/image/12.png
INFO  Generated: img/Apilearn/image/17.png
INFO  Generated: img/Apilearn/image/18.png
INFO  Generated: img/Apilearn/image/14.png
INFO  Generated: img/Apilearn/image/24.png
INFO  Generated: img/Apilearn/image/23.png
INFO  Generated: img/Apilearn/image/3.png
INFO  Generated: img/Apilearn/image/31.png
INFO  Generated: img/Apilearn/image/26.png
INFO  Generated: img/Apilearn/image/38.png
INFO  Generated: img/Apilearn/image/53.png
INFO  Generated: img/Apilearn/image/47.png
INFO  Generated: img/Apilearn/image/6.png
INFO  Generated: img/Apilearn/image/60.png
INFO  Generated: img/Apilearn/img6/1.png
INFO  Generated: img/Apilearn/image/68.png
INFO  Generated: img/Apilearn/image/69.png
INFO  Generated: img/Apilearn/image/7.png
INFO  Generated: img/Apilearn/img6/11.png
INFO  Generated: img/Apilearn/image/72.png
INFO  Generated: img/Apilearn/image/82.png
INFO  Generated: img/Apilearn/image/84.png
INFO  Generated: img/Apilearn/img6/2.png
INFO  Generated: img/Apilearn/image/9.png
INFO  Generated: img/htmlcss/mark-img/image-20220214165430495.png
INFO  Generated: img/Jquery/img/6.png
INFO  Generated: img/htmlcss/mark-img10/20210423232204432.png
INFO  Generated: img/Apilearn/img6/3.png
INFO  Generated: img/Apilearn/img6/9.png
INFO  Generated: img/htmlcss/mark-img10/20210423232458517.png
INFO  Generated: img/htmlcss/mark-img10/20210423234804630.png
INFO  Generated: img/htmlcss/mark-img10/20210423235200231.png
INFO  Generated: img/htmlcss/mark-img10/20210423234829349.png
INFO  Generated: img/htmlcss/mark-img10/20210423235315294.png
INFO  Generated: img/htmlcss/mark-img10/2021042323560868.png
INFO  Generated: img/htmlcss/mark-img10/20210423235541479.png
INFO  Generated: img/htmlcss/mark-img13/d94d2dd28f4243a0b6fc2f5efe391c1d.png
INFO  Generated: img/htmlcss/mark-img11/20210425103016385.gif
INFO  Generated: img/htmlcss/mark-img12/Snipaste_2022-01-27_22-42-00.jpg
INFO  Generated: img/htmlcss/mark-img13/64fd881a1eef4c89a6fcb00097f3148b.png
INFO  Generated: img/htmlcss/mark-img11/20210425111023799.png
INFO  Generated: img/htmlcss/mark-img11/20210425124112130.gif
INFO  Generated: img/htmlcss/mark-img13/image-20220128181903220.png
INFO  Generated: img/htmlcss/mark-img13/image-20220128192810458.png
INFO  Generated: img/htmlcss/mark-img16/380d710525194630b18035fce10e8983.png
INFO  Generated: img/htmlcss/mark-img2/20210410205223833.gif
INFO  Generated: img/htmlcss/mark-img16/62166996c283487d8e8aabae0cd7dc9c.png
INFO  Generated: img/htmlcss/mark-img4/20210410123520625.jpg
INFO  Generated: img/htmlcss/mark-img16/f84946596761497ea552ee065b30ec66.png
INFO  Generated: img/htmlcss/mark-img2/20210410205508662.gif
INFO  Generated: img/htmlcss/mark-img2/image-20220116025240291.png
INFO  Generated: img/htmlcss/mark-img6/20210411010357458.jpg
INFO  Generated: img/htmlcss/mark-img2/image-20220116025315666.png
INFO  Generated: img/htmlcss/mark-img6/a6b709f41c9f42558b8d6870202bc171.gif
INFO  Generated: img/htmlcss/mark-img7/20210420083302981.png
INFO  Generated: img/htmlcss/mark-img9/b903916cbc5d4dfeb5f21741362564ba.gif
INFO  Generated: img/Apilearn/imag/5.18.png
INFO  Generated: img/Apilearn/imag/5.9.png
INFO  Generated: img/htmlcss/mark-img7/20210420081150457.jpg
INFO  Generated: img/Apilearn/imag/5.21.png
INFO  Generated: img/Apilearn/image/16.png
INFO  Generated: img/Apilearn/imag/5.5.png
INFO  Generated: img/Jquery/img/2.png
INFO  Generated: img/Jquery/img/18.png
INFO  Generated: img/Apilearn/img6/4.png
INFO  Generated: img/Apilearn/img6/10.png
INFO  Generated: img/Apilearn/img6/8.png
INFO  Generated: img/Jquery/img/19.png
INFO  Generated: img/Jquery/img/28.png
INFO  Generated: img/Jquery/img/26.png
INFO  Generated: img/Jquery/img/27.png
INFO  Generated: img/Jquery/img/3.png
INFO  Generated: img/Jquery/img/30.png
INFO  Generated: img/Jquery/img/34.png
INFO  Generated: img/Jquery/img/35.png
INFO  Generated: img/htmlcss/mark-img/20210405002235373.jpg
INFO  Generated: img/Jquery/img/33.png
INFO  Generated: img/Jquery/img/36.png
INFO  Generated: img/htmlcss/mark-img/20210405004003460.jpg
INFO  Generated: img/Jquery/img/4.png
INFO  Generated: img/Jquery/img/39.png
INFO  Generated: img/Jquery/img/40.png
INFO  Generated: img/htmlcss/mark-img/06b66d16e62dca2951179ec536cc484a.png
INFO  Generated: img/Jquery/img/9.png
INFO  Generated: img/Jquery/img/7.png
INFO  Generated: img/htmlcss/mark-img/20210405011125140-16422553843201.png
INFO  Generated: img/htmlcss/mark-img/20210405144715962.jpg
INFO  Generated: img/htmlcss/mark-img/2021040501112593-164225533222026.png
INFO  Generated: img/htmlcss/mark-img/20210409111229906-164225496209822.gif
INFO  Generated: img/htmlcss/mark-img/20210409111633549-16422555479543.jpg
INFO  Generated: img/htmlcss/mark-img/20210409111633420-16422555387621.jpg
INFO  Generated: img/htmlcss/mark-img/2d74ab3a559a4df5b69a32aa0bc5dd09.png
INFO  Generated: img/htmlcss/mark-img/20210409111710669-16422555546745.jpg
INFO  Generated: img/htmlcss/mark-img/2666b32b23643c2c8959491a1989a5af.png
INFO  Generated: img/htmlcss/mark-img/685d11e4bfbb4d8094e722211359c634.png
INFO  Generated: img/htmlcss/mark-img/d9b00c3588a14988a0eee7baf8782ca3.png
INFO  Generated: img/htmlcss/mark-img/e6d3e820f2a14536b44b4dec9b7ab3c1.png
INFO  Generated: img/htmlcss/mark-img/a280fd4d6fbdc45784adf7627e4a679e.png
INFO  Generated: img/htmlcss/mark-img1/20210405202554834.gif
INFO  Generated: img/htmlcss/mark-img1/20210405203010954.gif
INFO  Generated: img/htmlcss/mark-img/image-20220115163652252.png
INFO  Generated: img/htmlcss/mark-img/image-20220115165012637.png
INFO  Generated: img/htmlcss/mark-img1/20210405205009406.jpg
INFO  Generated: img/htmlcss/mark-img1/20210405211456978.jpg
INFO  Generated: img/htmlcss/mark-img10/20210423230344469.png
INFO  Generated: img/htmlcss/mark-img10/20210423232004160.png
INFO  Generated: img/htmlcss/mark-img1/20210405205628339.gif
INFO  Generated: img/htmlcss/mark-img10/20210423232040879.png
INFO  Generated: img/htmlcss/mark-img1/image-20220125215313482.png
INFO  Generated: img/htmlcss/mark-img10/20210423232141138.png
INFO  Generated: img/htmlcss/mark-img1/20210405213212859.jpg
INFO  Generated: img/htmlcss/mark-img10/20210423232739165.png
INFO  Generated: img/htmlcss/mark-img10/20210423234129383.png
INFO  Generated: img/htmlcss/mark-img10/20210423232108704.png
INFO  Generated: img/htmlcss/mark-img10/20210423234220363.png
INFO  Generated: img/htmlcss/mark-img10/20210423234524845.png
INFO  Generated: img/htmlcss/mark-img10/20210423234613824.png
INFO  Generated: img/htmlcss/mark-img11/20210424224831926.png
INFO  Generated: img/htmlcss/mark-img10/20210424085144838.png
INFO  Generated: img/htmlcss/mark-img10/20210423234950367.png
INFO  Generated: img/htmlcss/mark-img10/20210424111503385.png
INFO  Generated: img/htmlcss/mark-img11/20210424225359665.png
INFO  Generated: img/htmlcss/mark-img11/20210424230655649.png
INFO  Generated: img/htmlcss/mark-img10/2021042411080074.png
INFO  Generated: img/htmlcss/mark-img11/20210425085529554.gif
INFO  Generated: img/htmlcss/mark-img11/20210425000618488.png
INFO  Generated: img/htmlcss/mark-img11/20210425075729489.gif
INFO  Generated: img/htmlcss/mark-img11/20210425104436533.gif
INFO  Generated: img/htmlcss/mark-img11/20210425105455354.gif
INFO  Generated: img/htmlcss/mark-img12/2021071723515666.png
INFO  Generated: img/htmlcss/mark-img12/20210717225458818.jpg
INFO  Generated: img/htmlcss/mark-img11/20210425113455393.png
INFO  Generated: img/htmlcss/mark-img11/20210425105628305.png
INFO  Generated: img/htmlcss/mark-img12/20210718112530377.png
INFO  Generated: img/htmlcss/mark-img11/20210425114658704.png
INFO  Generated: img/htmlcss/mark-img11/20210425123348956.png
INFO  Generated: img/htmlcss/mark-img11/20210425122158983.png
INFO  Generated: img/htmlcss/mark-img12/20210718112624778.png
INFO  Generated: img/htmlcss/mark-img12/20210719141508481.png
INFO  Generated: img/htmlcss/mark-img13/0035cfe000b24b15b78ee9a9dad02fb5.png
INFO  Generated: img/htmlcss/mark-img12/image-20220128001743288.png
INFO  Generated: img/htmlcss/mark-img12/image-20220128004718671.png
INFO  Generated: img/htmlcss/mark-img13/209dea57f86a4bb8be262eb10e469012.png
INFO  Generated: img/htmlcss/mark-img12/Snipaste_2022-01-27_22-57-57.jpg
INFO  Generated: img/htmlcss/mark-img13/201e75d13fc8475b84a23e10b5011609.png
INFO  Generated: img/htmlcss/mark-img13/313c9d5d71814cdf876df9107f18faa9.png
INFO  Generated: img/htmlcss/mark-img13/408e7c1570d44daa9bc4a62372d27baa.png
INFO  Generated: img/htmlcss/mark-img13/43173bfa7ed349c89d4003c33192941d.png
INFO  Generated: img/htmlcss/mark-img13/43d771e31287418a839a644229b6e604.png
INFO  Generated: img/htmlcss/mark-img13/40be74d06a4c43d888edddda10e80d16.png
INFO  Generated: img/htmlcss/mark-img13/463ca268100a4df0b092622931cbf05b.png
INFO  Generated: img/htmlcss/mark-img13/50d2926f0d9c483794b81138df42d132.png
INFO  Generated: img/htmlcss/mark-img13/4e52189e5aae4108805c8c027df4934c.png
INFO  Generated: img/htmlcss/mark-img13/6765176e8adb4b9dac8117df043795fd.png
INFO  Generated: img/htmlcss/mark-img13/79b89bb112374435bad2705726e16aab.png
INFO  Generated: img/htmlcss/mark-img13/6a3c34b1204743b7a52e6a96108623d8.png
INFO  Generated: img/htmlcss/mark-img13/8bc9d4554a9546569c350576c429a739.png
INFO  Generated: img/htmlcss/mark-img13/7f22d8ac7852446f869984a7a5841eb6.png
INFO  Generated: img/htmlcss/mark-img13/8bab533107f2414586bb63a80855afae.png
INFO  Generated: img/htmlcss/mark-img13/aac0655dd5044255a703a1b084f89962.png
INFO  Generated: img/htmlcss/mark-img13/949e013f749e4db08e18704f340ebe32.png
INFO  Generated: img/htmlcss/mark-img13/9d77308724964371a55c2b88e79522f0.png
INFO  Generated: img/htmlcss/mark-img13/af5d93c39b134dc3958497f57876de05.png
INFO  Generated: img/htmlcss/mark-img13/b6f1452b4b354803b5a656bc68289881.png
INFO  Generated: img/htmlcss/mark-img13/b85cdc0e53e649d1bba4979efe7b2b97.png
INFO  Generated: img/htmlcss/mark-img13/b28d83e992824ef381b7c9ef662633ef.png
INFO  Generated: img/htmlcss/mark-img13/c06c94c2caa54ad4ab5d2d9f869eae34.png
INFO  Generated: img/htmlcss/mark-img13/c27f6656f46144f3bac38ff8754b6aa9.png
INFO  Generated: img/htmlcss/mark-img13/ceb344ce1a3340e48cf18c89f6b3a563.png
INFO  Generated: img/htmlcss/mark-img13/e203d92f12b64482ba5ea5e99360ede1.png
INFO  Generated: img/htmlcss/mark-img13/e3df7d958bd84be6b4acb4a5d44e2ea0.png
INFO  Generated: img/htmlcss/mark-img13/f515660386034bc29da90af33b5947c5.png
INFO  Generated: img/htmlcss/mark-img13/fa87013b3a3b43c48256b2ed15b670e4.png
INFO  Generated: img/htmlcss/mark-img13/f6d079aad03f4013b60a124619a11523.png
INFO  Generated: img/htmlcss/mark-img14/6270ce05173f439a8a53df94e5e69762.png
INFO  Generated: img/htmlcss/mark-img13/image-20220119013638909.png
INFO  Generated: img/htmlcss/mark-img13/ff3f75db39de49edaa70f9e722ce3262.png
INFO  Generated: img/htmlcss/mark-img13/image-20220128185317175.png
INFO  Generated: img/htmlcss/mark-img13/image-20220128190728826.png
INFO  Generated: img/htmlcss/mark-img13/image-20220128194425850.png
INFO  Generated: img/htmlcss/mark-img14/dd39c883c1334ece911cfdb43d8db16c.png
INFO  Generated: img/htmlcss/mark-img13/image-20220128191209061.png
INFO  Generated: img/htmlcss/mark-img15/59ed503bf6b34ef6ad667adf4ecb9af7.png
INFO  Generated: img/htmlcss/mark-img18/1_bg2019032502.png
INFO  Generated: img/htmlcss/mark-img16/8577d3a2ac704a48b60598b6d0f6eaf4.png
INFO  Generated: img/htmlcss/mark-img17/f736d42ebcae42fd8aaf845841dcdbed.png
INFO  Generated: img/htmlcss/mark-img16/6814a8cf7b6f4308b334874582a39dec.png
INFO  Generated: img/htmlcss/mark-img16/cb3e0ac0ecc843cd9d2e7429ffa86ea5.png
INFO  Generated: img/htmlcss/mark-img16/b250aff077584e3a8e5fab79ad47819a.png
INFO  Generated: img/htmlcss/mark-img18/1_bg2019032501.png
INFO  Generated: img/htmlcss/mark-img18/1_bg2019032509.png
INFO  Generated: img/htmlcss/mark-img18/bg2019032504.png
INFO  Generated: img/htmlcss/mark-img18/1_bg2019032503.png
INFO  Generated: img/htmlcss/mark-img18/bg2019032506-164595896089512.png
INFO  Generated: img/htmlcss/mark-img18/bg2019032505.png
INFO  Generated: img/htmlcss/mark-img18/bg2019032506.png
INFO  Generated: img/htmlcss/mark-img18/bg2019032507.png
INFO  Generated: img/htmlcss/mark-img18/bg2019032508.png
INFO  Generated: img/htmlcss/mark-img18/bg2019032511.png
INFO  Generated: img/htmlcss/mark-img18/bg2019032512.png
INFO  Generated: img/htmlcss/mark-img18/bg2019032513.png
INFO  Generated: img/htmlcss/mark-img18/bg2019032514.png
INFO  Generated: img/htmlcss/mark-img18/bg2019032515.png
INFO  Generated: img/htmlcss/mark-img18/bg2019032516.png
INFO  Generated: img/htmlcss/mark-img18/bg2019032517.png
INFO  Generated: img/htmlcss/mark-img18/bg2019032519.png
INFO  Generated: img/htmlcss/mark-img18/bg2019032522.png
INFO  Generated: img/htmlcss/mark-img18/bg2019032518.png
INFO  Generated: img/htmlcss/mark-img18/bg2019032520.png
INFO  Generated: img/htmlcss/mark-img18/bg2019032521.png
INFO  Generated: img/htmlcss/mark-img18/bg2019032523.png
INFO  Generated: img/htmlcss/mark-img18/bg2019032526-164601330014529.png
INFO  Generated: img/htmlcss/mark-img18/bg2019032524.png
INFO  Generated: img/htmlcss/mark-img18/bg2019032526.png
INFO  Generated: img/htmlcss/mark-img18/bg2019032525.png
INFO  Generated: img/htmlcss/mark-img18/bg2019032528.png
INFO  Generated: img/htmlcss/mark-img18/bg2019032527.png
INFO  Generated: img/htmlcss/mark-img2/00914ec7f1e04382af64f589013d6d59.png
INFO  Generated: img/htmlcss/mark-img18/bg2019032529.png
INFO  Generated: img/htmlcss/mark-img18/bg2019032532.png
INFO  Generated: img/htmlcss/mark-img18/bg2019032530.png
INFO  Generated: img/htmlcss/mark-img18/image-20220227180532881.png
INFO  Generated: img/htmlcss/mark-img18/image-20220227180532881-164595711490010.png
INFO  Generated: img/htmlcss/mark-img2/20210406123444188.jpg
INFO  Generated: img/htmlcss/mark-img18/image-20220228102207300.png
INFO  Generated: img/htmlcss/mark-img2/20210406131156754.jpg
INFO  Generated: img/htmlcss/mark-img2/20210406132137553.gif
INFO  Generated: img/htmlcss/mark-img2/20210406133231459.jpg
INFO  Generated: img/htmlcss/mark-img2/20210406134634343-164227252890423.jpg
INFO  Generated: img/htmlcss/mark-img2/20210406133231524.jpg
INFO  Generated: img/htmlcss/mark-img2/20210406134634404.jpg
INFO  Generated: img/htmlcss/mark-img2/20210406133231531.jpg
INFO  Generated: img/htmlcss/mark-img3/20210407171251321.jpg
INFO  Generated: img/htmlcss/mark-img3/20210407182002202.jpg
INFO  Generated: img/htmlcss/mark-img2/20210406135403703.jpg
INFO  Generated: img/htmlcss/mark-img2/20210412112840415.jpg
INFO  Generated: img/htmlcss/mark-img2/20210412112840510.jpg
INFO  Generated: img/htmlcss/mark-img3/20210407181220613.gif
INFO  Generated: img/htmlcss/mark-img2/6d3ff73d65154f358ba03b447f9daec8.png
INFO  Generated: img/htmlcss/mark-img2/image-20220116024700165.png
INFO  Generated: img/htmlcss/mark-img3/20210410202736632.jpg
INFO  Generated: img/htmlcss/mark-img4/2021040923145350.jpg
INFO  Generated: img/htmlcss/mark-img3/20210407172402316.jpg
INFO  Generated: img/htmlcss/mark-img4/20210409231914135.jpg
INFO  Generated: img/htmlcss/mark-img4/20210409232236196.jpg
INFO  Generated: img/htmlcss/mark-img4/20210410110624702.png
INFO  Generated: img/htmlcss/mark-img4/20210409232755502.jpg
INFO  Generated: img/htmlcss/mark-img4/20210410105021368.jpg
INFO  Generated: img/htmlcss/mark-img4/20210410104859778.jpg
INFO  Generated: img/htmlcss/mark-img4/20210410111331406.jpg
INFO  Generated: img/htmlcss/mark-img4/20210410110837237.jpg
INFO  Generated: img/htmlcss/mark-img4/20210410120453590.jpg
INFO  Generated: img/htmlcss/mark-img4/20210410120744356.jpg
INFO  Generated: img/htmlcss/mark-img4/20210410122632628.jpg
INFO  Generated: img/htmlcss/mark-img4/20210410121929718.jpg
INFO  Generated: img/htmlcss/mark-img4/20210410125449278.jpg
INFO  Generated: img/htmlcss/mark-img4/20210410122643298.jpg
INFO  Generated: img/htmlcss/mark-img4/20210410130344660.jpg
INFO  Generated: img/htmlcss/mark-img4/20210410130529987.jpg
INFO  Generated: img/htmlcss/mark-img4/20210410125651546.jpg
INFO  Generated: img/htmlcss/mark-img4/20210410130858443.jpg
INFO  Generated: img/htmlcss/mark-img4/20210410133601570.png
INFO  Generated: img/htmlcss/mark-img4/20210410140435474.jpg
INFO  Generated: img/htmlcss/mark-img4/20210410131113979.jpg
INFO  Generated: img/htmlcss/mark-img5/20210410161950579.png
INFO  Generated: img/htmlcss/mark-img4/20210410141717785-164230099450328.jpg
INFO  Generated: img/htmlcss/mark-img4/image-20220116104204568.png
INFO  Generated: img/htmlcss/mark-img4/20210410141717785.jpg
INFO  Generated: img/htmlcss/mark-img4/20210410141717785-164230099808930.jpg
INFO  Generated: img/htmlcss/mark-img5/20210410161950563.png
INFO  Generated: img/htmlcss/mark-img6/2021041022482559.gif
INFO  Generated: img/htmlcss/mark-img6/20210410225323359.gif
INFO  Generated: img/htmlcss/mark-img6/20210410225829682.gif
INFO  Generated: img/htmlcss/mark-img6/20210410231150803.gif
INFO  Generated: img/htmlcss/mark-img6/20210410230310223.gif
INFO  Generated: img/htmlcss/mark-img6/20210411001207402.jpg
INFO  Generated: img/htmlcss/mark-img6/20210411004813982.jpg
INFO  Generated: img/htmlcss/mark-img6/20210411003401335.gif
INFO  Generated: img/htmlcss/mark-img6/20210411005338704.jpg
INFO  Generated: img/htmlcss/mark-img6/20210411005914370.jpg
INFO  Generated: img/htmlcss/mark-img6/20210411010727218.jpg
INFO  Generated: img/htmlcss/mark-img6/20210411013334551.gif
INFO  Generated: img/htmlcss/mark-img6/2021041101335757.gif
INFO  Generated: img/htmlcss/mark-img7/202104200817544.png
INFO  Generated: img/htmlcss/mark-img6/20210411013759206.gif
INFO  Generated: img/htmlcss/mark-img6/20210411015310864-164232733571925.jpg
INFO  Generated: img/htmlcss/mark-img7/20210420093539188.png
INFO  Generated: img/htmlcss/mark-img6/20210411015310864.jpg
INFO  Generated: img/htmlcss/mark-img6/20210411015442418.jpg
INFO  Generated: img/htmlcss/mark-img7/20210420104336278.png
INFO  Generated: img/htmlcss/mark-img6/20210411015532804.jpg
INFO  Generated: img/htmlcss/mark-img6/2021041101581715.jpg
INFO  Generated: img/htmlcss/mark-img7/20210420102851826.png
INFO  Generated: img/htmlcss/mark-img7/202104201120370.gif
INFO  Generated: img/htmlcss/mark-img7/2021042011003289.gif
INFO  Generated: img/htmlcss/mark-img7/20210420111135354.gif
INFO  Generated: img/htmlcss/mark-img7/20210420111315285.gif
INFO  Generated: img/htmlcss/mark-img6/20210411015908937.jpg
INFO  Generated: img/htmlcss/mark-img7/20210420124932560.png
INFO  Generated: img/htmlcss/mark-img6/20210411015657674.jpg
INFO  Generated: img/htmlcss/mark-img7/20210420125750954.png
INFO  Generated: img/vue/8img/1.png
INFO  Generated: img/vue/9img/1.png
INFO  Generated: img/htmlcss/mark-img7/8141d1fc65ba4b31acfc903b948a09a8.png
INFO  Generated: img/pink/jinjie/assets3/1676792930329.png
INFO  Generated: img/htmlcss/mark-img8/20210422131929234.png
INFO  Generated: img/htmlcss/mark-img8/20210422132128826.png
INFO  Generated: img/htmlcss/mark-img9/20210422153142478.png
INFO  Generated: img/htmlcss/mark-img9/20210422154149869.jpg
INFO  Generated: img/htmlcss/mark-img9/20210423154934685.gif
INFO  Generated: img/htmlcss/mark-img9/20210422144246555.png
INFO  Generated: img/htmlcss/mark-img9/202104221541335.jpg
INFO  Generated: img/Apilearn/image/1.png
INFO  Generated: img/htmlcss/mark-img9/20210422154207436.jpg
INFO  Generated: img/Apilearn/image/29.png
INFO  Generated: img/Apilearn/image/32.png
INFO  Generated: img/Apilearn/imag/5.1.png
INFO  Generated: img/Apilearn/imag/5.19.png
INFO  Generated: img/Apilearn/image/34.png
INFO  Generated: img/Apilearn/image/43.png
INFO  Generated: img/Apilearn/image/37.png
INFO  Generated: img/Apilearn/image/44.png
INFO  Generated: img/Apilearn/image/5.png
INFO  Generated: img/Apilearn/image/57.png
INFO  Generated: img/Apilearn/image/49.png
INFO  Generated: img/Apilearn/image/59.png
INFO  Generated: img/Apilearn/image/61.png
INFO  Generated: img/Apilearn/image/64.png
INFO  Generated: img/Apilearn/image/66.png
INFO  Generated: img/Apilearn/image/80.png
INFO  Generated: img/Apilearn/image/76.png
INFO  Generated: img/htmlcss/mark-img10/20210423231312363.png
INFO  Generated: img/Apilearn/image/78.png
INFO  Generated: img/htmlcss/mark-img11/20210425110852340.png
INFO  Generated: img/Apilearn/image/81.png
INFO  Generated: img/htmlcss/mark-img10/20210423234052206.png
INFO  Generated: img/htmlcss/mark-img10/20210423234017129.png
INFO  Generated: img/htmlcss/mark-img11/20210425125609662.gif
INFO  Generated: img/htmlcss/mark-img10/20210423234640337.png
INFO  Generated: img/htmlcss/mark-img12/20210717230434452.png
INFO  Generated: img/htmlcss/mark-img9/image-20220117012150036.png
INFO  Generated: img/htmlcss/mark-img10/20210423235407652.png
INFO  Generated: img/htmlcss/mark-img9/image-20220117012211829.png
INFO  Generated: img/本地存储/img/1.png
INFO  Generated: img/pink/基础/assets3/1647918261399.png
INFO  Generated: img/htmlcss/mark-img7/20210420124542850.png
INFO  Generated: img/htmlcss/mark-img18/webp.jpg
INFO  Generated: img/vue/7img/2.png
INFO  Generated: img/pink/webapi/assets1/guide.png
INFO  Generated: img/vue/9img/2.png
INFO  Generated: img/htmlcss/mark-img15/mark-img17/f736d42ebcae42fd8aaf845841dcdbed.png
INFO  Generated: img/htmlcss/mark-img9/20210422150454844.png
INFO  Generated: img/htmlcss/mark-img9/20210423151246867.png
INFO  Generated: img/htmlcss/mark-img9/20210422151256515.png
INFO  Generated: img/htmlcss/mark-img9/20210422154236689.jpg
INFO  Generated: img/Apilearn/image/21.png
INFO  Generated: img/Apilearn/image/20.png
INFO  Generated: img/Apilearn/image/28.png
INFO  Generated: img/Apilearn/image/27.png
INFO  Generated: img/Apilearn/image/30.png
INFO  Generated: img/Apilearn/image/33.png
INFO  Generated: img/Apilearn/image/39.png
INFO  Generated: img/Apilearn/image/42.png
INFO  Generated: img/Apilearn/image/41.png
INFO  Generated: img/Apilearn/image/48.png
INFO  Generated: img/Apilearn/image/54.png
INFO  Generated: img/Apilearn/image/62.png
INFO  Generated: img/Apilearn/image/58.png
INFO  Generated: img/htmlcss/mark-img10/20210423234858546.png
INFO  Generated: img/Apilearn/image/70.png
INFO  Generated: img/Apilearn/image/73.png
INFO  Generated: img/htmlcss/mark-img10/20210423235338460.png
INFO  Generated: img/Apilearn/image/83.png
INFO  Generated: img/htmlcss/mark-img11/readme-164241763228313.gif
INFO  Generated: img/Apilearn/image/75.png
INFO  Generated: img/htmlcss/mark-img10/20210424002615861.jpg
INFO  Generated: img/pink/jinjie/assets3/1676793388695.png
INFO  Generated: img/htmlcss/mark-img18/image-20220228120835928.png
INFO  Generated: img/pink/基础/assets2/1671018384095.png
INFO  Generated: img/pink/webapi/assets6/1676080353637.png
INFO  Generated: img/htmlcss/mark-img4/20210410121702801.jpg
INFO  Generated: img/pink/webapi/assets5/1676047436362.png
INFO  Generated: img/pink/基础/assets4/function.jpg
INFO  Generated: img/pink/基础/assets5/function.jpg
INFO  Generated: img/Apilearn/image/22.png
INFO  Generated: img/htmlcss/mark-img9/20210422154222156.jpg
INFO  Generated: img/htmlcss/mark-img8/20210422131515567.png
INFO  Generated: img/Apilearn/image/35.png
INFO  Generated: img/htmlcss/mark-img9/20210422154252598.jpg
INFO  Generated: img/Apilearn/image/45.png
INFO  Generated: img/htmlcss/mark-img11/20210425105802965.gif
INFO  Generated: img/htmlcss/mark-img2/v2-6cbd8a1b054611f584f56ce791739a3f_1440w.jpg
INFO  Generated: img/Apilearn/image/8.png
INFO  Generated: img/Apilearn/image/52.png
INFO  Generated: img/pink/webapi/assets1/demo.gif
INFO  Generated: img/Apilearn/image/36.png
INFO  Generated: img/htmlcss/mark-img6/20210411005813237.jpg
INFO  Generated: img/本地存储/img/2.png
INFO  Generated: img/本地存储/img/3.png
INFO  Generated: img/pink/基础/assets3/1647918306609.png
INFO  Generated: img/pink/基础/assets2/1671018401624.png
INFO  Generated: img/pink/基础/assets2/2.png
INFO  Generated: img/gallery/img/3.jpg
INFO  Generated: img/pink/webapi/assets4/event.png
INFO  Generated: img/pink/webapi/assets3/error.png
INFO  Generated: img/pink/基础/assets1/1626833955447.png
INFO  Generated: img/pink/webapi/assets1/web-api.jpg
INFO  Generated: img/htmlcss/mark-img9/20210422151722831.png
INFO  Generated: img/htmlcss/mark-img10/20210423234732373.png
INFO  Generated: img/htmlcss/mark-img11/20210425115711121.png
INFO  Generated: img/Apilearn/image/79.png
INFO  Generated: img/htmlcss/mark-img12/20210717231105402.png
INFO  Generated: img/Apilearn/image/55.png
INFO  Generated: img/htmlcss/mark-img14/5a71a41d1a774eed989c89ac6bdeaa67.png
INFO  Generated: img/htmlcss/mark-img12/20210717230744247.png
INFO  Generated: img/htmlcss/mark-img6/20210411020723514.gif
INFO  Generated: img/pink/jinjie/assets3/1676792906898.png
INFO  Generated: img/pink/webapi/assets5/1676040472631.png
INFO  Generated: img/pink/webapi/assets4/error.png
INFO  Generated: img/pink/webapi/assets5/1676039814018.png
INFO  Generated: img/pink/webapi/assets6/1676080081650.png
INFO  Generated: img/lazyload/1.jpg
INFO  Generated: img/pink/webapi/assets5/1676047834796.png
INFO  Generated: img/htmlcss/mark-img9/202104221601401.gif
INFO  Generated: img/pink/webapi/assets3/event.png
INFO  Generated: img/pink/webapi/assets6/1676080185383.png
INFO  Generated: img/pink/webapi/assets5/1676047389456.png
INFO  Generated: img/pink/webapi/assets5/1676047846593.png
INFO  Generated: img/pink/webapi/assets5/1676049635087.png
INFO  Generated: img/pink/webapi/assets6/1676080437160.png
INFO  Generated: img/pink/webapi/assets5/error.png
INFO  Generated: img/pink/webapi/assets6/1676080296168.png
INFO  Generated: img/pink/webapi/assets6/1676080372325.png
INFO  Generated: img/pink/基础/assets2/1671017924981.png
INFO  Generated: img/pink/基础/assets2/1671017843443.png
INFO  Generated: img/pink/基础/assets3/1647918678956.png
INFO  Generated: img/pink/webapi/assets6/1676080548639.png
INFO  Generated: img/pink/webapi/assets6/1676080618794.png
INFO  Generated: img/pink/webapi/assets6/1676079666366.png
INFO  Generated: img/pink/基础/assets3/clock.gif
INFO  Generated: img/pink/基础/assets2/1671018781557.png
INFO  Generated: img/pink/基础/assets2/1671017800406.png
INFO  Generated: img/pink/基础/assets3/1647918734677.png
INFO  Generated: img/pink/基础/assets3/array.jpg
INFO  Generated: img/gallery/img/2.jpg
INFO  Generated: img/pink/基础/assets1/client.png
INFO  Generated: img/htmlcss/mark-img11/20210425115458965.png
INFO  Generated: img/htmlcss/mark-img11/2021042500182360.gif
INFO  Generated: img/htmlcss/mark-img11/20210425110200341.png
INFO  Generated: img/htmlcss/mark-img12/20210717230641170.png
INFO  Generated: img/htmlcss/mark-img5/2021041016195915.png
INFO  Generated: img/htmlcss/mark-img9/20210422152350339.png
INFO  Generated: img/htmlcss/mark-img10/20210424102822294.gif
INFO  Generated: img/htmlcss/mark-img9/20210422150845591.png
INFO  Generated: img/htmlcss/mark-img10/20210423231159334.png
INFO  Generated: img/htmlcss/mark-img9/20210423155143395.gif
INFO  Generated: img/htmlcss/mark-img16/d7878ac1c8004f42a5f481364d9335ae.gif
INFO  Generated: img/htmlcss/mark-img9/2021042316110482.png
INFO  Generated: img/htmlcss/mark-img9/20210423161020807.png
INFO  Generated: img/htmlcss/mark-img6/20210411002750577.gif
INFO  Generated: img/htmlcss/mark-img16/15675dcea09d4c8d8ebe54c46e499bd7.gif
INFO  Generated: img/htmlcss/mark-img10/20210423230312162.png
INFO  Generated: img/htmlcss/mark-img6/20210411002138603.gif
INFO  Generated: search.xml
INFO  Generated: img/htmlcss/mark-img10/20210423235248455.png
INFO  Generated: img/htmlcss/mark-img18/css-grid-case-overlay-1.jpg
INFO  Generated: img/htmlcss/mark-img14/9dae0ae46a98435a8ca29752112c16de.gif
INFO  Generated: img/htmlcss/mark-img14/746ec6bda83e449b9889798e54bf73b8.jpg
INFO  Generated: img/htmlcss/mark-img18/css-grid-case-overlay-5.jpg
INFO  Generated: img/htmlcss/mark-img18/css-grid-case-overlay-1-164602172605438.jpg
INFO  Generated: img/htmlcss/mark-img9/20210422155356572.png
INFO  Generated: img/htmlcss/mark-img11/20210425105240855.gif
INFO  Generated: img/htmlcss/mark-img12/20210719141842628.png
INFO  Generated: img/htmlcss/mark-img10/20210423235044100.png
INFO  Generated: img/htmlcss/mark-img13/57c3144a357c47fb89dbf95f23a5f45d.png
INFO  Generated: img/htmlcss/mark-img13/91471912c9304a67b5266502b67baec7.gif
INFO  Generated: img/htmlcss/mark-img14/c4c2188152c1492fae4aacd85a57b2a3.gif
INFO  Generated: img/htmlcss/mark-img10/20210423232408168.png
INFO  Generated: img/htmlcss/mark-img5/20210410194901435.png
INFO  Generated: img/htmlcss/mark-img5/20210410162003767.png
INFO  Generated: img/htmlcss/mark-img9/20210423162839681.png
INFO  Generated: img/htmlcss/mark-img10/20210423234924192.png
INFO  Generated: img/htmlcss/mark-img13/98a85f8a2e8d4f299e55688847ce5527.png
INFO  Generated: img/htmlcss/mark-img14/fe17e956fc9240abb9f1fd5a0f078ca4-16425672282032.gif
INFO  Generated: img/htmlcss/mark-img9/20210423153911315.gif
INFO  Generated: img/htmlcss/mark-img14/ccefc55643bc4f0c81e7a3432455411e.gif
INFO  Generated: img/htmlcss/mark-img13/23e4d8a8d2744e8eab0b5ec0b647a853.gif
INFO  Generated: img/htmlcss/mark-img11/20210425085900832.gif
INFO  Generated: img/htmlcss/mark-img/SEO.png
INFO  Generated: img/htmlcss/mark-img10/2021042408532739.png
INFO  Generated: img/htmlcss/mark-img18/1.gif
INFO  Generated: img/pink/webapi/assets1/javascript.gif
INFO  Generated: img/htmlcss/mark-img10/2021042408532739-164240508352028.png
INFO  Generated: img/htmlcss/mark-img5/20210410162006136.png
INFO  Generated: img/htmlcss/mark-img4/20210410111551264.gif
INFO  Generated: img/htmlcss/mark-img0/2021041511462678.png
INFO  Generated: img/htmlcss/mark-img/2021041511462678.png
INFO  Generated: img/htmlcss/mark-img10/20210423231304381.png
INFO  Generated: img/htmlcss/mark-img11/20210425121401130.gif
INFO  Generated: img/htmlcss/mark-img16/00667e2e04ea479ca08c5659285a63e5.png
INFO  Generated: img/htmlcss/mark-img16/7b155ee6c30e41d0a36509ce252d0303.gif
INFO  Generated: img/htmlcss/mark-img11/20210425121831607.gif
INFO  Generated: img/htmlcss/mark-img/image-20220121173139191.png
INFO  Generated: img/htmlcss/mark-img13/3dfa71998f534aecb36292e1e072ccdf.png
INFO  Generated: img/htmlcss/mark-img13/a27c42ea2d884fedb216313af830c18e.png
INFO  Generated: img/htmlcss/mark-img6/20210411000442416.gif
INFO  Generated: img/htmlcss/mark-img11/20210425120806628.gif
INFO  Generated: img/htmlcss/mark-img14/9435637e10964d7db3c17d685a9f3149-16425702425997.png
INFO  Generated: img/htmlcss/mark-img16/e431096d8f6c41418c9b22856647becb.gif
INFO  Generated: img/htmlcss/mark-img10/20210424101619846.png
INFO  Generated: img/htmlcss/mark-img13/2345234532-164251633621715.gif
INFO  Generated: img/htmlcss/mark-img13/2345234532.gif
INFO  Generated: img/htmlcss/mark-img11/20210425121713541.gif
INFO  Generated: img/2.png
INFO  Generated: img/htmlcss/mark-img12/20210718144002640.gif
INFO  Generated: img/pink/基础/assets3/universe.gif
INFO  Generated: img/htmlcss/mark-img16/45d51731a2614a0cae9df498a64bea64.gif
INFO  Generated: img/htmlcss/mark-img13/e65b01f3144544a0b6b167c7bf01a11a.gif
INFO  Generated: img/htmlcss/mark-img1/20210405212447451-16422629370077.gif
INFO  Generated: img/htmlcss/mark-img13/349857.gif
INFO  Generated: img/htmlcss/mark-img16/c4df532362b5414a899b8cd5fdd48331.gif
INFO  Generated: img/htmlcss/mark-img9/20210422145552748.png
INFO  Generated: img/htmlcss/mark-img10/20210423231252598.png
INFO  Generated: img/htmlcss/mark-img10/20210423230039123.png
INFO  Generated: img/htmlcss/mark-img16/b0650415303d4c9fac58ee3711ee94e1.gif
INFO  Generated: img/htmlcss/mark-img13/45235324.gif
INFO  Generated: img/htmlcss/mark-img4/readme.gif
INFO  Generated: img/htmlcss/mark-img15/d8f84eb44a8a4414aae4bae285eaf186.gif
INFO  Generated: img/htmlcss/mark-img6/20210411000419348.gif
INFO  Generated: img/htmlcss/mark-img16/21fa9898f5ca4f399bff5e63153bc4da.gif
INFO  Generated: img/htmlcss/mark-img11/20210425130327326.gif
INFO  Generated: img/htmlcss/mark-img11/20210425115234419.gif
INFO  Generated: img/htmlcss/mark-img12/ssk.gif
INFO  837 files generated in 2.96 s
